########### array before sorts ###########
0	0.000000	0.000000	92.000000	0.000000	n
1	92.000000	0.000000	92.000000	30.000000	n
2	92.000000	30.000000	81.000000	30.000000	n
3	81.000000	30.000000	81.000000	62.000000	n
4	81.000000	62.000000	92.000000	62.000000	n
5	92.000000	62.000000	92.000000	92.000000	n
6	92.000000	92.000000	0.000000	92.000000	n
7	0.000000	92.000000	0.000000	62.000000	n
8	0.000000	62.000000	11.000000	62.000000	n
9	11.000000	62.000000	11.000000	30.000000	n
10	11.000000	30.000000	0.000000	30.000000	n
11	0.000000	30.000000	0.000000	0.000000	n
Tolerance=0.050000.
*Exact match for i=0 and j=1.
*i point 0.000000	0.000000	92.000000	0.000000	y
*Exact match for i=1 and j=2.
*i point 92.000000	0.000000	92.000000	30.000000	y
*Exact match for i=2 and j=3.
*i point 92.000000	30.000000	81.000000	30.000000	y
*Exact match for i=3 and j=4.
*i point 81.000000	30.000000	81.000000	62.000000	y
*Exact match for i=4 and j=5.
*i point 81.000000	62.000000	92.000000	62.000000	y
*Exact match for i=5 and j=6.
*i point 92.000000	62.000000	92.000000	92.000000	y
*Exact match for i=6 and j=7.
*i point 92.000000	92.000000	0.000000	92.000000	y
*Exact match for i=7 and j=8.
*i point 0.000000	92.000000	0.000000	62.000000	y
*Exact match for i=8 and j=9.
*i point 0.000000	62.000000	11.000000	62.000000	y
*Exact match for i=9 and j=10.
*i point 11.000000	62.000000	11.000000	30.000000	y
*Exact match for i=10 and j=11.
*i point 11.000000	30.000000	0.000000	30.000000	y
########### array after sorts ###########
0	0.000000	0.000000	92.000000	0.000000	y
1	92.000000	0.000000	92.000000	30.000000	y
2	92.000000	30.000000	81.000000	30.000000	y
3	81.000000	30.000000	81.000000	62.000000	y
4	81.000000	62.000000	92.000000	62.000000	y
5	92.000000	62.000000	92.000000	92.000000	y
6	92.000000	92.000000	0.000000	92.000000	y
7	0.000000	92.000000	0.000000	62.000000	y
8	0.000000	62.000000	11.000000	62.000000	y
9	11.000000	62.000000	11.000000	30.000000	y
10	11.000000	30.000000	0.000000	30.000000	y
11	0.000000	30.000000	0.000000	0.000000	y
***************
.BOARD_OUTLINE UNOWNED
1.6
0     0.000000     0.000000     0
0     92.000000     0.000000     0
0     92.000000     30.000000     0
0     81.000000     30.000000     0
0     81.000000     62.000000     0
0     92.000000     62.000000     0
0     92.000000     92.000000     0
0     0.000000     92.000000     0
0     0.000000     62.000000     0
0     11.000000     62.000000     0
0     11.000000     30.000000     0
0     0.000000     30.000000     0
0     0.000000     0.000000     0
